<?xml version="1.0" encoding="UTF-8"?>
<!-- Generated by org.testng.reporters.JUnitReportReporter -->
<testsuite hostname="DESKTOP-HOF3APB" failures="0" tests="1" name="test.NewCustomerTest" time="14.316" errors="0" timestamp="2024-02-03T14:09:41 CST" skipped="0">
  <testcase classname="test.NewCustomerTest" name="userShouldBeAbleToAddNewCustomer" time="14.316"/>
</testsuite> <!-- test.NewCustomerTest -->
