<?xml version="1.0" encoding="UTF-8"?>
<!-- Generated by org.testng.reporters.JUnitReportReporter -->
<testsuite hostname="DESKTOP-HOF3APB" failures="0" tests="1" name="test.LoginTest" time="17.990" errors="0" timestamp="2024-02-03T14:09:41 CST" skipped="0">
  <testcase classname="test.LoginTest" name="validUserShouldBeAbleToLogin" time="17.990"/>
</testsuite> <!-- test.LoginTest -->
